<?xml version="1.0" encoding="UTF-8"?>
<!-- Generated by org.testng.reporters.JUnitReportReporter -->
<testsuite skipped="0" hostname="mahbub-VirtualBox" name="com.tt.testRunner.TestRunner" tests="1" failures="0" timestamp="29 Dec 2018 18:52:20 GMT" time="18.751" errors="0">
  <testcase name="feature" time="18.751" classname="com.tt.testRunner.TestRunner"/>
</testsuite> <!-- com.tt.testRunner.TestRunner -->
